#
# A fatal error has been detected by the Java Runtime Environment:
#
#  EXCEPTION_ACCESS_VIOLATION (0xc0000005) at pc=0x05da1fb5, pid=3144, tid=3348
#
# JRE version: 7.0_21-b11
# Java VM: Java HotSpot(TM) Client VM (23.21-b01 mixed mode, sharing windows-x86 )
# Problematic frame:
# C  0x05da1fb5
#
# Failed to write core dump. Minidumps are not enabled by default on client versions of Windows
#
# If you would like to submit a bug report, please visit:
#   http://bugreport.sun.com/bugreport/crash.jsp
# The crash happened outside the Java Virtual Machine in native code.
# See problematic frame for where to report the bug.
#

---------------  T H R E A D  ---------------

Current thread (0x03046400):  JavaThread "JavaFX Application Thread" [_thread_in_native, id=3348, stack(0x03510000,0x03560000)]

siginfo: ExceptionCode=0xc0000005, reading address 0x055f7000

Registers:
EAX=0x055f6fe8, EBX=0x002e3456, ECX=0x00000018, EDX=0x00000018
ESP=0x0355e6c0, EBP=0x0355e6cc, ESI=0x00000002, EDI=0x04e5e674
EIP=0x05da1fb5, EFLAGS=0x00010246

Top of Stack: (sp=0x0355e6c0)
0x0355e6c0:   00000002 04e5e674 0798c080 05da1f80
0x0355e6d0:   04287e9b 055f6fe8 00000000 00000018
0x0355e6e0:   04e5e674 63a7399b 04e5e630 00000000
0x0355e6f0:   0798c080 00000000 00860000 055f6fd0
0x0355e700:   0355e6f0 00000000 0355e710 00000020
0x0355e710:   7c920208 ffffffff 7c920202 7c92017b
0x0355e720:   7c9201bb 04e5e830 078508f0 00000010
0x0355e730:   00010000 00000052 00860198 00000010 

Instructions: (pc=0x05da1fb5)
0x05da1f95:   86 0a 00 00 00 b8 ff ff ff ff 5e 5f 5b 5d c3 c7
0x05da1fa5:   07 ff ff ff ff 83 c2 03 39 ca 0f 87 30 00 00 00
0x05da1fb5:   8b 5c 10 fd 81 e3 ff ff ff 00 81 fb 25 32 43 00
0x05da1fc5:   0f 85 0f 00 00 00 89 d0 83 e8 03 89 07 89 57 04 


Register to memory mapping:

EAX=0x055f6fe8 is an unknown value
EBX=0x002e3456 is an unknown value
ECX=0x00000018 is an unknown value
EDX=0x00000018 is an unknown value
ESP=0x0355e6c0 is pointing into the stack for thread: 0x03046400
EBP=0x0355e6cc is pointing into the stack for thread: 0x03046400
ESI=0x00000002 is an unknown value
EDI=0x04e5e674 is an unknown value


Stack: [0x03510000,0x03560000],  sp=0x0355e6c0,  free space=313k
Native frames: (J=compiled Java code, j=interpreted, Vv=VM code, C=native code)
C  0x05da1fb5

Java frames: (J=compiled Java code, j=interpreted, Vv=VM code)
j  com.sun.webpane.webkit.network.URLLoader.twkDidReceiveData(Ljava/nio/ByteBuffer;IIJ)V+0
j  com.sun.webpane.webkit.network.URLLoader.access$1200(Ljava/nio/ByteBuffer;IIJ)V+4
j  com.sun.webpane.webkit.network.URLLoader$5.run()V+35
v  ~StubRoutines::call_stub
j  com.sun.glass.ui.win.WinApplication._runLoop([Ljava/lang/String;Lcom/sun/glass/ui/Launchable;)V+0
j  com.sun.glass.ui.win.WinApplication.access$100(Lcom/sun/glass/ui/win/WinApplication;[Ljava/lang/String;Lcom/sun/glass/ui/Launchable;)V+3
j  com.sun.glass.ui.win.WinApplication$3$1.run()V+32
j  java.lang.Thread.run()V+11
v  ~StubRoutines::call_stub

---------------  P R O C E S S  ---------------

Java Threads: ( => current thread )
  0x05393800 JavaThread "Thread-8" daemon [_thread_blocked, id=1728, stack(0x065c0000,0x06610000)]
  0x057eb400 JavaThread "Thread-7" daemon [_thread_blocked, id=3308, stack(0x06570000,0x065c0000)]
  0x0383b000 JavaThread "URL-Loader-20" daemon [_thread_blocked, id=652, stack(0x064c0000,0x06510000)]
  0x03a21c00 JavaThread "URL-Loader-19" daemon [_thread_in_native, id=3648, stack(0x06470000,0x064c0000)]
  0x0549b800 JavaThread "URL-Loader-18" daemon [_thread_blocked, id=3936, stack(0x06420000,0x06470000)]
  0x02b21800 JavaThread "URL-Loader-17" daemon [_thread_in_native, id=744, stack(0x063d0000,0x06420000)]
  0x054c0800 JavaThread "URL-Loader-16" daemon [_thread_blocked, id=3980, stack(0x06380000,0x063d0000)]
  0x0557e400 JavaThread "URL-Loader-15" daemon [_thread_blocked, id=2036, stack(0x06330000,0x06380000)]
  0x038d0c00 JavaThread "URL-Loader-14" daemon [_thread_blocked, id=1412, stack(0x062e0000,0x06330000)]
  0x038bf400 JavaThread "URL-Loader-13" daemon [_thread_blocked, id=872, stack(0x06290000,0x062e0000)]
  0x038c9000 JavaThread "URL-Loader-12" daemon [_thread_blocked, id=3456, stack(0x06240000,0x06290000)]
  0x038c8800 JavaThread "URL-Loader-11" daemon [_thread_blocked, id=1708, stack(0x061f0000,0x06240000)]
  0x05600c00 JavaThread "Keep-Alive-SocketCleaner" daemon [_thread_blocked, id=2976, stack(0x061a0000,0x061f0000)]
  0x05603000 JavaThread "URL-Loader-10" daemon [_thread_blocked, id=1180, stack(0x06150000,0x061a0000)]
  0x055fa000 JavaThread "URL-Loader-9" daemon [_thread_blocked, id=2412, stack(0x05190000,0x051e0000)]
  0x05349800 JavaThread "URL-Loader-8" daemon [_thread_blocked, id=3136, stack(0x05fd0000,0x06020000)]
  0x0549f800 JavaThread "URL-Loader-7" daemon [_thread_blocked, id=388, stack(0x05ee0000,0x05f30000)]
  0x0393f800 JavaThread "URL-Loader-6" daemon [_thread_blocked, id=2620, stack(0x05090000,0x050e0000)]
  0x0393bc00 JavaThread "URL-Loader-5" daemon [_thread_blocked, id=2720, stack(0x05030000,0x05080000)]
  0x03933800 JavaThread "URL-Loader-4" daemon [_thread_blocked, id=1980, stack(0x04fe0000,0x05030000)]
  0x03933000 JavaThread "URL-Loader-3" daemon [_thread_blocked, id=2928, stack(0x04f90000,0x04fe0000)]
  0x038cf800 JavaThread "URL-Loader-2" daemon [_thread_in_native, id=2076, stack(0x04f00000,0x04f50000)]
  0x037b4400 JavaThread "Keep-Alive-Timer" daemon [_thread_blocked, id=1556, stack(0x04ca0000,0x04cf0000)]
  0x03741000 JavaThread "Prism Font Disposer" daemon [_thread_blocked, id=2516, stack(0x04b00000,0x04b50000)]
  0x036d5000 JavaThread "URL-Loader-1" daemon [_thread_blocked, id=3812, stack(0x04ba0000,0x04bf0000)]
  0x0367bc00 JavaThread "AWT-Windows" daemon [_thread_in_native, id=4080, stack(0x04b50000,0x04ba0000)]
  0x03679400 JavaThread "Java2D Disposer" daemon [_thread_blocked, id=1764, stack(0x04ab0000,0x04b00000)]
  0x03637400 JavaThread "Disposer" daemon [_thread_blocked, id=2072, stack(0x03a30000,0x03a80000)]
  0x0305e400 JavaThread "Thread-2" daemon [_thread_in_native, id=3448, stack(0x035d0000,0x03620000)]
=>0x03046400 JavaThread "JavaFX Application Thread" [_thread_in_native, id=3348, stack(0x03510000,0x03560000)]
  0x03031400 JavaThread "Disposer" daemon [_thread_blocked, id=2916, stack(0x034c0000,0x03510000)]
  0x0302b000 JavaThread "QuantumRenderer-0" daemon [_thread_blocked, id=2936, stack(0x03420000,0x03470000)]
  0x02ff7800 JavaThread "JavaFX-Launcher" [_thread_blocked, id=1856, stack(0x033d0000,0x03420000)]
  0x02fa3800 JavaThread "traceMsgQueueThread" daemon [_thread_blocked, id=3360, stack(0x03130000,0x03180000)]
  0x02afc000 JavaThread "Service Thread" daemon [_thread_blocked, id=1428, stack(0x02e90000,0x02ee0000)]
  0x02af8c00 JavaThread "C1 CompilerThread0" daemon [_thread_blocked, id=3872, stack(0x02e40000,0x02e90000)]
  0x02af4800 JavaThread "Attach Listener" daemon [_thread_blocked, id=700, stack(0x02df0000,0x02e40000)]
  0x02af3000 JavaThread "Signal Dispatcher" daemon [_thread_blocked, id=664, stack(0x02da0000,0x02df0000)]
  0x02ae4800 JavaThread "Finalizer" daemon [_thread_blocked, id=1632, stack(0x02d50000,0x02da0000)]
  0x02adfc00 JavaThread "Reference Handler" daemon [_thread_blocked, id=392, stack(0x02d00000,0x02d50000)]
  0x00868800 JavaThread "main" [_thread_blocked, id=3436, stack(0x00950000,0x009a0000)]

Other Threads:
  0x02ade000 VMThread [stack: 0x02cb0000,0x02d00000] [id=3172]
  0x02b0f000 WatcherThread [stack: 0x02ee0000,0x02f30000] [id=1744]

VM state:not at safepoint (normal execution)

VM Mutex/Monitor currently owned by a thread: None

Heap
 def new generation   total 8832K, used 8659K [0x22b40000, 0x234d0000, 0x28090000)
  eden space 7872K,  97% used [0x22b40000, 0x232c4ec0, 0x232f0000)
  from space 960K, 100% used [0x233e0000, 0x234d0000, 0x234d0000)
  to   space 960K,   0% used [0x232f0000, 0x232f0000, 0x233e0000)
 tenured generation   total 19508K, used 13090K [0x28090000, 0x2939d000, 0x32b40000)
   the space 19508K,  67% used [0x28090000, 0x28d58890, 0x28d58a00, 0x2939d000)
 compacting perm gen  total 12288K, used 10951K [0x32b40000, 0x33740000, 0x36b40000)
   the space 12288K,  89% used [0x32b40000, 0x335f1d80, 0x335f1e00, 0x33740000)
    ro space 10240K,  45% used [0x36b40000, 0x36fc7988, 0x36fc7a00, 0x37540000)
    rw space 12288K,  54% used [0x37540000, 0x37bcb5d8, 0x37bcb600, 0x38140000)

Card table byte_map: [0x02b50000,0x02c00000] byte_map_base: 0x02a3a600

Polling page: 0x009a0000

Code Cache  [0x009d0000, 0x00c68000, 0x029d0000)
 total_blobs=1632 nmethods=1252 adapters=314 free_code_cache=30130Kb largest_free_block=30852800

Compilation events (10 events):
Event: 10.246 Thread 0x02af8c00 1242             java.util.HashMap$Entry::recordAccess (1 bytes)
Event: 10.246 Thread 0x02af8c00 nmethod 1242 0x00c60488 code [0x00c60580, 0x00c60600]
Event: 10.339 Thread 0x02af8c00 1243             sun.security.ssl.SSLContextImpl::getApplicableCipherSuiteList (325 bytes)
Event: 10.342 Thread 0x02af8c00 nmethod 1243 0x00c60648 code [0x00c60820, 0x00c60ce0]
Event: 10.353 Thread 0x02af8c00 1244             javafx.scene.Node::impl_isDirtyEmpty (13 bytes)
Event: 10.353 Thread 0x02af8c00 nmethod 1244 0x00c613c8 code [0x00c614c0, 0x00c61550]
Event: 10.368 Thread 0x02af8c00 1245   !         com.sun.javafx.tk.Toolkit::firePulse (238 bytes)
Event: 10.370 Thread 0x02af8c00 nmethod 1245 0x00c61588 code [0x00c617e0, 0x00c61ef4]
Event: 10.394 Thread 0x02af8c00 1246             java.security.MessageDigest::update (45 bytes)
Event: 10.394 Thread 0x02af8c00 nmethod 1246 0x00c62908 code [0x00c62a30, 0x00c62bd4]

GC Heap History (10 events):
Event: 5.167 GC heap before
{Heap before GC invocations=68 (full 0):
 def new generation   total 4928K, used 4875K [0x22b40000, 0x23090000, 0x28090000)
  eden space 4416K,  98% used [0x22b40000, 0x22f82d40, 0x22f90000)
  from space 512K, 100% used [0x22f90000, 0x23010000, 0x23010000)
  to   space 512K,   0% used [0x23010000, 0x23010000, 0x23090000)
 tenured generation   total 10944K, used 5181K [0x28090000, 0x28b40000, 0x32b40000)
   the space 10944K,  47% used [0x28090000, 0x2859f610, 0x2859f800, 0x28b40000)
 compacting perm gen  total 12288K, used 9428K [0x32b40000, 0x33740000, 0x36b40000)
   the space 12288K,  76% used [0x32b40000, 0x33475360, 0x33475400, 0x33740000)
    ro space 10240K,  45% used [0x36b40000, 0x36fc7988, 0x36fc7a00, 0x37540000)
    rw space 12288K,  54% used [0x37540000, 0x37bcb5d8, 0x37bcb600, 0x38140000)
Event: 5.186 GC heap after
Heap after GC invocations=69 (full 0):
 def new generation   total 4928K, used 512K [0x22b40000, 0x23090000, 0x28090000)
  eden space 4416K,   0% used [0x22b40000, 0x22b40000, 0x22f90000)
  from space 512K, 100% used [0x23010000, 0x23090000, 0x23090000)
  to   space 512K,   0% used [0x22f90000, 0x22f90000, 0x23010000)
 tenured generation   total 10944K, used 8143K [0x28090000, 0x28b40000, 0x32b40000)
   the space 10944K,  74% used [0x28090000, 0x28883cc0, 0x28883e00, 0x28b40000)
 compacting perm gen  total 12288K, used 9428K [0x32b40000, 0x33740000, 0x36b40000)
   the space 12288K,  76% used [0x32b40000, 0x33475360, 0x33475400, 0x33740000)
    ro space 10240K,  45% used [0x36b40000, 0x36fc7988, 0x36fc7a00, 0x37540000)
    rw space 12288K,  54% used [0x37540000, 0x37bcb5d8, 0x37bcb600, 0x38140000)
}
Event: 7.215 GC heap before
{Heap before GC invocations=69 (full 0):
 def new generation   total 4928K, used 4928K [0x22b40000, 0x23090000, 0x28090000)
  eden space 4416K, 100% used [0x22b40000, 0x22f90000, 0x22f90000)
  from space 512K, 100% used [0x23010000, 0x23090000, 0x23090000)
  to   space 512K,   0% used [0x22f90000, 0x22f90000, 0x23010000)
 tenured generation   total 10944K, used 8143K [0x28090000, 0x28b40000, 0x32b40000)
   the space 10944K,  74% used [0x28090000, 0x28883cc0, 0x28883e00, 0x28b40000)
 compacting perm gen  total 12288K, used 10014K [0x32b40000, 0x33740000, 0x36b40000)
   the space 12288K,  81% used [0x32b40000, 0x33507840, 0x33507a00, 0x33740000)
    ro space 10240K,  45% used [0x36b40000, 0x36fc7988, 0x36fc7a00, 0x37540000)
    rw space 12288K,  54% used [0x37540000, 0x37bcb5d8, 0x37bcb600, 0x38140000)
Event: 7.227 GC heap after
Heap after GC invocations=70 (full 0):
 def new generation   total 4928K, used 512K [0x22b40000, 0x23090000, 0x28090000)
  eden space 4416K,   0% used [0x22b40000, 0x22b40000, 0x22f90000)
  from space 512K, 100% used [0x22f90000, 0x23010000, 0x23010000)
  to   space 512K,   0% used [0x23010000, 0x23010000, 0x23090000)
 tenured generation   total 10944K, used 9614K [0x28090000, 0x28b40000, 0x32b40000)
   the space 10944K,  87% used [0x28090000, 0x289f3800, 0x289f3800, 0x28b40000)
 compacting perm gen  total 12288K, used 10014K [0x32b40000, 0x33740000, 0x36b40000)
   the space 12288K,  81% used [0x32b40000, 0x33507840, 0x33507a00, 0x33740000)
    ro space 10240K,  45% used [0x36b40000, 0x36fc7988, 0x36fc7a00, 0x37540000)
    rw space 12288K,  54% used [0x37540000, 0x37bcb5d8, 0x37bcb600, 0x38140000)
}
Event: 7.443 GC heap before
{Heap before GC invocations=70 (full 0):
 def new generation   total 4928K, used 4928K [0x22b40000, 0x23090000, 0x28090000)
  eden space 4416K, 100% used [0x22b40000, 0x22f90000, 0x22f90000)
  from space 512K, 100% used [0x22f90000, 0x23010000, 0x23010000)
  to   space 512K,   0% used [0x23010000, 0x23010000, 0x23090000)
 tenured generation   total 10944K, used 9614K [0x28090000, 0x28b40000, 0x32b40000)
   the space 10944K,  87% used [0x28090000, 0x289f3800, 0x289f3800, 0x28b40000)
 compacting perm gen  total 12288K, used 10421K [0x32b40000, 0x33740000, 0x36b40000)
   the space 12288K,  84% used [0x32b40000, 0x3356d438, 0x3356d600, 0x33740000)
    ro space 10240K,  45% used [0x36b40000, 0x36fc7988, 0x36fc7a00, 0x37540000)
    rw space 12288K,  54% used [0x37540000, 0x37bcb5d8, 0x37bcb600, 0x38140000)
Event: 7.454 GC heap after
Heap after GC invocations=71 (full 0):
 def new generation   total 4928K, used 512K [0x22b40000, 0x23090000, 0x28090000)
  eden space 4416K,   0% used [0x22b40000, 0x22b40000, 0x22f90000)
  from space 512K, 100% used [0x23010000, 0x23090000, 0x23090000)
  to   space 512K,   0% used [0x22f90000, 0x22f90000, 0x23010000)
 tenured generation   total 10944K, used 10551K [0x28090000, 0x28b40000, 0x32b40000)
   the space 10944K,  96% used [0x28090000, 0x28addd00, 0x28adde00, 0x28b40000)
 compacting perm gen  total 12288K, used 10421K [0x32b40000, 0x33740000, 0x36b40000)
   the space 12288K,  84% used [0x32b40000, 0x3356d438, 0x3356d600, 0x33740000)
    ro space 10240K,  45% used [0x36b40000, 0x36fc7988, 0x36fc7a00, 0x37540000)
    rw space 12288K,  54% used [0x37540000, 0x37bcb5d8, 0x37bcb600, 0x38140000)
}
Event: 8.223 GC heap before
{Heap before GC invocations=71 (full 0):
 def new generation   total 4928K, used 4917K [0x22b40000, 0x23090000, 0x28090000)
  eden space 4416K,  99% used [0x22b40000, 0x22f8d6c0, 0x22f90000)
  from space 512K, 100% used [0x23010000, 0x23090000, 0x23090000)
  to   space 512K,   0% used [0x22f90000, 0x22f90000, 0x23010000)
 tenured generation   total 10944K, used 10551K [0x28090000, 0x28b40000, 0x32b40000)
   the space 10944K,  96% used [0x28090000, 0x28addd00, 0x28adde00, 0x28b40000)
 compacting perm gen  total 12288K, used 10883K [0x32b40000, 0x33740000, 0x36b40000)
   the space 12288K,  88% used [0x32b40000, 0x335e0fe8, 0x335e1000, 0x33740000)
    ro space 10240K,  45% used [0x36b40000, 0x36fc7988, 0x36fc7a00, 0x37540000)
    rw space 12288K,  54% used [0x37540000, 0x37bcb5d8, 0x37bcb600, 0x38140000)
Event: 8.333 GC heap after
Heap after GC invocations=72 (full 1):
 def new generation   total 8832K, used 83K [0x22b40000, 0x234d0000, 0x28090000)
  eden space 7872K,   1% used [0x22b40000, 0x22b54f68, 0x232f0000)
  from space 960K,   0% used [0x232f0000, 0x232f0000, 0x233e0000)
  to   space 960K,   0% used [0x233e0000, 0x233e0000, 0x234d0000)
 tenured generation   total 19508K, used 11704K [0x28090000, 0x2939d000, 0x32b40000)
   the space 19508K,  59% used [0x28090000, 0x28bfe1d0, 0x28bfe200, 0x2939d000)
 compacting perm gen  total 12288K, used 10883K [0x32b40000, 0x33740000, 0x36b40000)
   the space 12288K,  88% used [0x32b40000, 0x335e0fe8, 0x335e1000, 0x33740000)
    ro space 10240K,  45% used [0x36b40000, 0x36fc7988, 0x36fc7a00, 0x37540000)
    rw space 12288K,  54% used [0x37540000, 0x37bcb5d8, 0x37bcb600, 0x38140000)
}
Event: 9.360 GC heap before
{Heap before GC invocations=72 (full 1):
 def new generation   total 8832K, used 7872K [0x22b40000, 0x234d0000, 0x28090000)
  eden space 7872K, 100% used [0x22b40000, 0x232f0000, 0x232f0000)
  from space 960K,   0% used [0x232f0000, 0x232f0000, 0x233e0000)
  to   space 960K,   0% used [0x233e0000, 0x233e0000, 0x234d0000)
 tenured generation   total 19508K, used 11704K [0x28090000, 0x2939d000, 0x32b40000)
   the space 19508K,  59% used [0x28090000, 0x28bfe1d0, 0x28bfe200, 0x2939d000)
 compacting perm gen  total 12288K, used 10937K [0x32b40000, 0x33740000, 0x36b40000)
   the space 12288K,  89% used [0x32b40000, 0x335ee770, 0x335ee800, 0x33740000)
    ro space 10240K,  45% used [0x36b40000, 0x36fc7988, 0x36fc7a00, 0x37540000)
    rw space 12288K,  54% used [0x37540000, 0x37bcb5d8, 0x37bcb600, 0x38140000)
Event: 9.389 GC heap after
Heap after GC invocations=73 (full 1):
 def new generation   total 8832K, used 960K [0x22b40000, 0x234d0000, 0x28090000)
  eden space 7872K,   0% used [0x22b40000, 0x22b40000, 0x232f0000)
  from space 960K, 100% used [0x233e0000, 0x234d0000, 0x234d0000)
  to   space 960K,   0% used [0x232f0000, 0x232f0000, 0x233e0000)
 tenured generation   total 19508K, used 13090K [0x28090000, 0x2939d000, 0x32b40000)
   the space 19508K,  67% used [0x28090000, 0x28d58890, 0x28d58a00, 0x2939d000)
 compacting perm gen  total 12288K, used 10937K [0x32b40000, 0x33740000, 0x36b40000)
   the space 12288K,  89% used [0x32b40000, 0x335ee770, 0x335ee800, 0x33740000)
    ro space 10240K,  45% used [0x36b40000, 0x36fc7988, 0x36fc7a00, 0x37540000)
    rw space 12288K,  54% used [0x37540000, 0x37bcb5d8, 0x37bcb600, 0x38140000)
}

Deoptimization events (0 events):
No events

Internal exceptions (10 events):
Event: 3.962 Thread 0x03046400 Threw 0x22e0aa30 at C:\jdk7u2_32P\jdk7u21\hotspot\src\share\vm\prims\jvm.cpp:1166
Event: 3.962 Thread 0x03046400 Threw 0x22e0bec8 at C:\jdk7u2_32P\jdk7u21\hotspot\src\share\vm\prims\jvm.cpp:1166
Event: 3.962 Thread 0x03046400 Threw 0x22e0c898 at C:\jdk7u2_32P\jdk7u21\hotspot\src\share\vm\prims\jvm.cpp:1166
Event: 6.944 Thread 0x03046400 Threw 0x22cd7d18 at C:\jdk7u2_32P\jdk7u21\hotspot\src\share\vm\interpreter\linkResolver.cpp:805
Event: 8.808 Thread 0x03046400 Threw 0x22ce16c8 at C:\jdk7u2_32P\jdk7u21\hotspot\src\share\vm\classfile\systemDictionary.cpp:179
Event: 8.811 Thread 0x03046400 Threw 0x22ce2498 at C:\jdk7u2_32P\jdk7u21\hotspot\src\share\vm\prims\jvm.cpp:1166
Event: 8.811 Thread 0x03046400 Threw 0x22ce2d58 at C:\jdk7u2_32P\jdk7u21\hotspot\src\share\vm\prims\jvm.cpp:1166
Event: 8.811 Thread 0x03046400 Threw 0x22ce34c8 at C:\jdk7u2_32P\jdk7u21\hotspot\src\share\vm\classfile\systemDictionary.cpp:179
Event: 8.812 Thread 0x03046400 Threw 0x22ce39e8 at C:\jdk7u2_32P\jdk7u21\hotspot\src\share\vm\prims\jvm.cpp:1166
Event: 8.812 Thread 0x03046400 Threw 0x22ce42a8 at C:\jdk7u2_32P\jdk7u21\hotspot\src\share\vm\prims\jvm.cpp:1166

Events (10 events):
Event: 10.193 Executing VM operation: RevokeBias
Event: 10.193 Executing VM operation: RevokeBias done
Event: 10.244 Thread 0x06805400 Thread added: 0x06805400
Event: 10.245 Thread 0x06801c00 Thread added: 0x06801c00
Event: 10.246 Executing VM operation: RevokeBias
Event: 10.247 Executing VM operation: RevokeBias done
Event: 10.247 Thread 0x06805400 Thread exited: 0x06805400
Event: 10.247 Executing VM operation: RevokeBias
Event: 10.248 Executing VM operation: RevokeBias done
Event: 10.248 Thread 0x06801c00 Thread exited: 0x06801c00


Dynamic libraries:
0x00400000 - 0x0042f000 	C:\Archivos de programa\Java\jdk1.7.0_21\bin\java.exe
0x7c910000 - 0x7c9c5000 	C:\WINDOWS\system32\ntdll.dll
0x7c800000 - 0x7c903000 	C:\WINDOWS\system32\kernel32.dll
0x77da0000 - 0x77e4c000 	C:\WINDOWS\system32\ADVAPI32.dll
0x77e50000 - 0x77ee2000 	C:\WINDOWS\system32\RPCRT4.dll
0x77fc0000 - 0x77fd1000 	C:\WINDOWS\system32\Secur32.dll
0x7e390000 - 0x7e421000 	C:\WINDOWS\system32\USER32.dll
0x77ef0000 - 0x77f39000 	C:\WINDOWS\system32\GDI32.dll
0x773a0000 - 0x774a3000 	C:\WINDOWS\WinSxS\x86_Microsoft.Windows.Common-Controls_6595b64144ccf1df_6.0.2600.5512_x-ww_35d4ce83\COMCTL32.dll
0x77be0000 - 0x77c38000 	C:\WINDOWS\system32\msvcrt.dll
0x77f40000 - 0x77fb6000 	C:\WINDOWS\system32\SHLWAPI.dll
0x76340000 - 0x7635d000 	C:\WINDOWS\system32\IMM32.DLL
0x78aa0000 - 0x78b5e000 	C:\Archivos de programa\Java\jdk1.7.0_21\jre\bin\msvcr100.dll
0x6e8c0000 - 0x6ec0f000 	C:\Archivos de programa\Java\jdk1.7.0_21\jre\bin\client\jvm.dll
0x71a50000 - 0x71a5a000 	C:\WINDOWS\system32\WSOCK32.dll
0x71a30000 - 0x71a47000 	C:\WINDOWS\system32\WS2_32.dll
0x71a20000 - 0x71a28000 	C:\WINDOWS\system32\WS2HELP.dll
0x76b00000 - 0x76b2e000 	C:\WINDOWS\system32\WINMM.dll
0x76bb0000 - 0x76bbb000 	C:\WINDOWS\system32\PSAPI.DLL
0x6e810000 - 0x6e81c000 	C:\Archivos de programa\Java\jdk1.7.0_21\jre\bin\verify.dll
0x6d5a0000 - 0x6d5c0000 	C:\Archivos de programa\Java\jdk1.7.0_21\jre\bin\java.dll
0x6e8a0000 - 0x6e8b3000 	C:\Archivos de programa\Java\jdk1.7.0_21\jre\bin\zip.dll
0x6d2e0000 - 0x6d33a000 	C:\Archivos de programa\Java\jdk1.7.0_21\jre\bin\deploy.dll
0x774b0000 - 0x775ed000 	C:\WINDOWS\system32\ole32.dll
0x770f0000 - 0x7717b000 	C:\WINDOWS\system32\OLEAUT32.dll
0x77bd0000 - 0x77bd8000 	C:\WINDOWS\system32\VERSION.dll
0x63000000 - 0x630e6000 	C:\WINDOWS\system32\WININET.dll
0x03190000 - 0x03199000 	C:\WINDOWS\system32\Normaliz.dll
0x1a400000 - 0x1a532000 	C:\WINDOWS\system32\urlmon.dll
0x5dca0000 - 0x5de88000 	C:\WINDOWS\system32\iertutil.dll
0x7e6a0000 - 0x7eec1000 	C:\WINDOWS\system32\SHELL32.dll
0x6e680000 - 0x6e68d000 	C:\Archivos de programa\Java\jdk1.7.0_21\jre\bin\prism-d3d.dll
0x4fd10000 - 0x4feb6000 	C:\WINDOWS\system32\d3d9.dll
0x6dea0000 - 0x6dea6000 	C:\WINDOWS\system32\d3d8thk.dll
0x5b150000 - 0x5b188000 	C:\WINDOWS\system32\uxtheme.dll
0x6d400000 - 0x6d427000 	C:\Archivos de programa\Java\jdk1.7.0_21\jre\bin\glass.dll
0x76360000 - 0x763aa000 	C:\WINDOWS\system32\COMDLG32.dll
0x746b0000 - 0x746fc000 	C:\WINDOWS\system32\MSCTF.dll
0x75160000 - 0x7518e000 	C:\WINDOWS\system32\msctfime.ime
0x6e480000 - 0x6e4ef000 	C:\Archivos de programa\Java\jdk1.7.0_21\jre\bin\libxml2.dll
0x6e4f0000 - 0x6e518000 	C:\Archivos de programa\Java\jdk1.7.0_21\jre\bin\libxslt.dll
0x03b40000 - 0x0469f000 	C:\Archivos de programa\Java\jdk1.7.0_21\jre\bin\jfxwebkit.dll
0x68000000 - 0x68036000 	C:\WINDOWS\system32\rsaenh.dll
0x6d110000 - 0x6d252000 	C:\Archivos de programa\Java\jdk1.7.0_21\jre\bin\awt.dll
0x6d600000 - 0x6d63c000 	C:\Archivos de programa\Java\jdk1.7.0_21\jre\bin\javafx-font.dll
0x6e5c0000 - 0x6e5d4000 	C:\Archivos de programa\Java\jdk1.7.0_21\jre\bin\net.dll
0x719d0000 - 0x71a10000 	C:\WINDOWS\System32\mswsock.dll
0x76ee0000 - 0x76f07000 	C:\WINDOWS\system32\DNSAPI.dll
0x76f70000 - 0x76f78000 	C:\WINDOWS\System32\winrnr.dll
0x76f20000 - 0x76f4d000 	C:\WINDOWS\system32\WLDAP32.dll
0x76f80000 - 0x76f86000 	C:\WINDOWS\system32\rasadhlp.dll
0x66740000 - 0x66799000 	C:\WINDOWS\system32\hnetcfg.dll
0x71a10000 - 0x71a18000 	C:\WINDOWS\System32\wshtcpip.dll
0x76f90000 - 0x7700f000 	C:\WINDOWS\system32\CLBCATQ.DLL
0x77010000 - 0x770e0000 	C:\WINDOWS\system32\COMRes.dll
0x6e5e0000 - 0x6e5ee000 	C:\Archivos de programa\Java\jdk1.7.0_21\jre\bin\nio.dll
0x6e790000 - 0x6e7b0000 	C:\Archivos de programa\Java\jdk1.7.0_21\jre\bin\sunec.dll
0x6e7b0000 - 0x6e7b9000 	C:\Archivos de programa\Java\jdk1.7.0_21\jre\bin\sunmscapi.dll
0x77a50000 - 0x77ae6000 	C:\WINDOWS\system32\CRYPT32.dll
0x77af0000 - 0x77b02000 	C:\WINDOWS\system32\MSASN1.dll
0x76630000 - 0x766e5000 	C:\WINDOWS\system32\USERENV.dll
0x597f0000 - 0x59845000 	C:\WINDOWS\system32\netapi32.dll
0x6d640000 - 0x6d66f000 	C:\Archivos de programa\Java\jdk1.7.0_21\jre\bin\javafx-iio.dll
0x5d4b0000 - 0x5d551000 	C:\WINDOWS\system32\dbghelp.dll

VM Arguments:
jvm_args: -Dfile.encoding=UTF-8 
java_command: com.javafx.main.Main
Launcher Type: SUN_STANDARD

Environment Variables:
PATH=C:\WINDOWS\system32;C:\WINDOWS;C:\WINDOWS\System32\Wbem
USERNAME=Dony
OS=Windows_NT
PROCESSOR_IDENTIFIER=x86 Family 15 Model 4 Stepping 9, GenuineIntel



---------------  S Y S T E M  ---------------

OS: Windows XP Build 2600 Service Pack 3

CPU:total 2 (1 cores per cpu, 2 threads per core) family 15 model 4 stepping 9, cmov, cx8, fxsr, mmx, sse, sse2, sse3, ht, tsc

Memory: 4k page, physical 2619820k(266156k free), swap 4553608k(2018572k free)

vm_info: Java HotSpot(TM) Client VM (23.21-b01) for windows-x86 JRE (1.7.0_21-b11), built on Apr  4 2013 04:43:10 by "java_re" with unknown MS VC++:1600

time: Wed May 15 04:10:16 2013
elapsed time: 10 seconds

